2025-07-31 16:50:05,001 - INFO - 🚀 Starting continuous processing...
2025-07-31 16:50:05,010 - INFO - Created backup: backup_initial_20250731_165005.csv
2025-07-31 16:50:05,011 - INFO - 🔥 Phase 1: Aggressive Processing
2025-07-31 16:50:05,011 - INFO - Processing batch: 5 companies
2025-07-31 16:50:26,645 - INFO - ✅ COMPLETED: Company at index 1 | MEDIUM PROSPECT
2025-07-31 16:50:28,662 - INFO - ✅ COMPLETED: Company at index 0 | NOT A PROSPECT
2025-07-31 16:50:29,109 - INFO - ✅ COMPLETED: Company at index 4 | NOT A PROSPECT
2025-07-31 16:50:29,386 - INFO - ✅ COMPLETED: Company at index 3 | NOT A PROSPECT
2025-07-31 16:50:33,980 - INFO - ✅ COMPLETED: Company at index 2 | NOT A PROSPECT
2025-07-31 16:50:34,026 - INFO - Summary report saved to: analysis_summary_20250731_165034.txt
2025-07-31 17:06:35,016 - INFO - 🚀 Starting continuous processing...
2025-07-31 17:06:35,027 - INFO - Created backup: backup_initial_20250731_170635.csv
2025-07-31 17:06:35,028 - INFO - 🔥 Phase 1: Aggressive Processing
2025-07-31 17:06:35,028 - INFO - Processing batch: 5 companies
2025-07-31 17:06:53,748 - INFO - ✅ COMPLETED: Company at index 1 | MEDIUM PROSPECT
2025-07-31 17:06:55,771 - INFO - ✅ COMPLETED: Company at index 0 | NOT A PROSPECT
2025-07-31 17:06:56,127 - INFO - ✅ COMPLETED: Company at index 4 | NOT A PROSPECT
2025-07-31 17:06:56,511 - INFO - ✅ COMPLETED: Company at index 3 | NOT A PROSPECT
2025-07-31 17:07:00,919 - INFO - ✅ COMPLETED: Company at index 2 | NOT A PROSPECT
2025-07-31 17:07:00,968 - INFO - Summary report saved to: analysis_summary_20250731_170700.txt
